0 info it worked if it ends with ok
1 verbose cli [ 'C:\\Program Files\\nodejs\\node.exe',
1 verbose cli   'C:\\Program Files\\nodejs\\node_modules\\npm\\bin\\npm-cli.js',
1 verbose cli   'run',
1 verbose cli   'test' ]
2 info using npm@3.10.10
3 info using node@v6.10.3
4 verbose run-script [ 'pretest', 'test', 'posttest' ]
5 info lifecycle jh-frontend@2.0.0~pretest: jh-frontend@2.0.0
6 silly lifecycle jh-frontend@2.0.0~pretest: no script for pretest, continuing
7 info lifecycle jh-frontend@2.0.0~test: jh-frontend@2.0.0
8 verbose lifecycle jh-frontend@2.0.0~test: unsafe-perm in lifecycle true
9 verbose lifecycle jh-frontend@2.0.0~test: PATH: C:\Users\eric\AppData\Roaming\nvm\v6.10.3\node_modules\npm\bin\node-gyp-bin;C:\Users\eric\Documents\rfd3344\jh-frontend\node_modules\.bin;C:\Python27\;C:\Python27\Scripts;C:\WINDOWS\system32;C:\WINDOWS;C:\WINDOWS\System32\Wbem;C:\WINDOWS\System32\WindowsPowerShell\v1.0\;C:\WINDOWS\System32\OpenSSH\;C:\Users\pc\nvm;C:\Program Files\nodejs;C:\ProgramData\chocolatey\bin;C:\Program Files\Git\cmd;C:\Program Files\PuTTY\;;C:\Users\eric\AppData\Local\Microsoft\WindowsApps;C:\Users\eric\AppData\Local\Programs\Microsoft VS Code\bin;C:\Users\eric\AppData\Local\atom\bin;C:\Users\eric\AppData\Roaming\nvm;C:\Program Files\nodejs;C:\Users\eric\Documents\nginx-1.16.1\nginx.exe;C:\Users\eric\AppData\Roaming\npm;C:\Users\eric\AppData\Local\Microsoft\WindowsApps
10 verbose lifecycle jh-frontend@2.0.0~test: CWD: C:\Users\eric\Documents\rfd3344\jh-frontend
11 silly lifecycle jh-frontend@2.0.0~test: Args: [ '/d /s /c', 'jest --config=jest.config.js --watch' ]
12 silly lifecycle jh-frontend@2.0.0~test: Returned: code: 1  signal: null
13 info lifecycle jh-frontend@2.0.0~test: Failed to exec test script
14 verbose stack Error: jh-frontend@2.0.0 test: `jest --config=jest.config.js --watch`
14 verbose stack Exit status 1
14 verbose stack     at EventEmitter.<anonymous> (C:\Users\eric\AppData\Roaming\nvm\v6.10.3\node_modules\npm\lib\utils\lifecycle.js:255:16)
14 verbose stack     at emitTwo (events.js:106:13)
14 verbose stack     at EventEmitter.emit (events.js:191:7)
14 verbose stack     at ChildProcess.<anonymous> (C:\Users\eric\AppData\Roaming\nvm\v6.10.3\node_modules\npm\lib\utils\spawn.js:40:14)
14 verbose stack     at emitTwo (events.js:106:13)
14 verbose stack     at ChildProcess.emit (events.js:191:7)
14 verbose stack     at maybeClose (internal/child_process.js:886:16)
14 verbose stack     at Process.ChildProcess._handle.onexit (internal/child_process.js:226:5)
15 verbose pkgid jh-frontend@2.0.0
16 verbose cwd C:\Users\eric\Documents\rfd3344\jh-frontend
17 error Windows_NT 10.0.19041
18 error argv "C:\\Program Files\\nodejs\\node.exe" "C:\\Program Files\\nodejs\\node_modules\\npm\\bin\\npm-cli.js" "run" "test"
19 error node v6.10.3
20 error npm  v3.10.10
21 error code ELIFECYCLE
22 error jh-frontend@2.0.0 test: `jest --config=jest.config.js --watch`
22 error Exit status 1
23 error Failed at the jh-frontend@2.0.0 test script 'jest --config=jest.config.js --watch'.
23 error Make sure you have the latest version of node.js and npm installed.
23 error If you do, this is most likely a problem with the jh-frontend package,
23 error not with npm itself.
23 error Tell the author that this fails on your system:
23 error     jest --config=jest.config.js --watch
23 error You can get information on how to open an issue for this project with:
23 error     npm bugs jh-frontend
23 error Or if that isn't available, you can get their info via:
23 error     npm owner ls jh-frontend
23 error There is likely additional logging output above.
24 verbose exit [ 1, true ]
